2024-06-11 19:41:29,358 - Exception occurred: HTTPConnectionPool(host='localhost', port=5000): Max retries exceeded with url: /cpcbdata?latitude=24.264216637591783&longitude=84.85483380136003 (Caused by NewConnectionError('<urllib3.connection.HTTPConnection object at 0x7f3d993944d0>: Failed to establish a new connection: [Errno 111] Connection refused'))
2024-06-11 19:41:32,585 - 2024-06-11 19:41:32 - Latitude: 17.16298313294563, Longitude: 86.30437158244807, Response: Error: 500
2024-06-11 19:41:34,469 - 2024-06-11 19:41:34 - Latitude: 15.030714886988344, Longitude: 90.97147103239189, Response: {'AQI': 1, 'Lead_pollutant': 'NH3', 'last_update': '11-06-2024 19:00:00', 'latitude': '20.240790', 'longitude': '85.836784'}
2024-06-11 19:41:36,806 - 2024-06-11 19:41:36 - Latitude: 33.99773218008079, Longitude: 80.66291228982438, Response: {'AQI': 87, 'Lead_pollutant': 'PM10', 'last_update': '11-06-2024 19:00:00', 'latitude': '30.269444', 'longitude': '78.044167'}
2024-06-11 19:41:38,602 - 2024-06-11 19:41:38 - Latitude: 29.267994927381704, Longitude: 84.73462223053197, Response: Error: 500
2024-06-11 19:41:40,831 - 2024-06-11 19:41:40 - Latitude: 12.110274459995303, Longitude: 85.45789441670365, Response: {'AQI': 15, 'Lead_pollutant': 'PM2.5', 'last_update': '11-06-2024 19:00:00', 'latitude': '13.1036', 'longitude': '80.2909'}
2024-06-11 19:41:42,864 - 2024-06-11 19:41:42 - Latitude: 17.041109647053545, Longitude: 90.82219568179968, Response: {'AQI': 42, 'Lead_pollutant': 'PM10', 'last_update': '11-06-2024 19:00:00', 'latitude': '22.06047', 'longitude': '88.109737'}
2024-06-11 19:41:44,939 - 2024-06-11 19:41:44 - Latitude: 6.412067458157394, Longitude: 78.49281582095112, Response: Error: 500
2024-06-11 19:41:47,333 - 2024-06-11 19:41:47 - Latitude: 8.27523130860512, Longitude: 69.95136196738699, Response: {'AQI': 50, 'Lead_pollutant': 'PM2.5', 'last_update': '11-06-2024 19:00:00', 'latitude': '11.875000', 'longitude': '75.373200'}
2024-06-11 19:41:49,946 - 2024-06-11 19:41:49 - Latitude: 18.9168882411049, Longitude: 84.74323831817004, Response: {'AQI': 1, 'Lead_pollutant': 'NH3', 'last_update': '11-06-2024 19:00:00', 'latitude': '20.240790', 'longitude': '85.836784'}
2024-06-11 19:41:52,692 - 2024-06-11 19:41:52 - Latitude: 33.69644385139068, Longitude: 83.86720356516895, Response: {'AQI': 76, 'Lead_pollutant': 'PM10', 'last_update': '11-06-2024 19:00:00', 'latitude': '30.075911', 'longitude': '78.2859547'}
2024-06-11 19:41:54,872 - 2024-06-11 19:41:54 - Latitude: 6.74003195992244, Longitude: 96.10461577081321, Response: Error: 500
2024-06-11 19:41:56,742 - 2024-06-11 19:41:56 - Latitude: 22.91493358700061, Longitude: 92.1773140518715, Response: {'AQI': 18, 'Lead_pollutant': 'PM2.5', 'last_update': '11-06-2024 19:00:00', 'latitude': '23.7176342', 'longitude': '92.7192841'}
2024-06-11 19:41:58,868 - 2024-06-11 19:41:58 - Latitude: 14.303225203419823, Longitude: 68.24338989160576, Response: {'AQI': 48, 'Lead_pollutant': 'OZONE', 'last_update': '11-06-2024 19:00:00', 'latitude': '16.6870449', 'longitude': '74.2505872'}
2024-06-11 19:42:01,011 - 2024-06-11 19:42:01 - Latitude: 29.667554379477473, Longitude: 71.41527543918323, Response: {'AQI': 203, 'Lead_pollutant': 'PM10', 'last_update': '11-06-2024 19:00:00', 'latitude': '29.931624', 'longitude': '73.864511'}
2024-06-11 19:42:03,934 - 2024-06-11 19:42:03 - Latitude: 12.154469206627754, Longitude: 89.5833927046523, Response: Error: 500
2024-06-11 19:42:05,853 - 2024-06-11 19:42:05 - Latitude: 21.57506141871593, Longitude: 78.13528718188338, Response: {'AQI': 5, 'Lead_pollutant': 'NH3', 'last_update': '11-06-2024 19:00:00', 'latitude': '20.9402359', 'longitude': '77.7895248'}
2024-06-11 19:42:08,141 - 2024-06-11 19:42:08 - Latitude: 36.2399036818551, Longitude: 69.63991224044848, Response: Error: 500
2024-06-11 19:42:10,264 - 2024-06-11 19:42:10 - Latitude: 25.821667057044394, Longitude: 69.03756317936795, Response: {'AQI': 20, 'Lead_pollutant': 'NO2', 'last_update': '11-06-2024 19:00:00', 'latitude': '26.912329', 'longitude': '70.909168'}
2024-06-11 19:42:12,221 - 2024-06-11 19:42:12 - Latitude: 15.440737044556357, Longitude: 92.28871747682793, Response: {'AQI': 42, 'Lead_pollutant': 'PM10', 'last_update': '11-06-2024 19:00:00', 'latitude': '22.06047', 'longitude': '88.109737'}
2024-06-11 19:42:14,155 - 2024-06-11 19:42:14 - Latitude: 26.280156319208242, Longitude: 83.09947628030464, Response: {'AQI': 12, 'Lead_pollutant': 'OZONE', 'last_update': '11-06-2024 19:00:00', 'latitude': '26.730136', 'longitude': '83.433859'}
2024-06-11 19:42:16,221 - 2024-06-11 19:42:16 - Latitude: 9.470004814616548, Longitude: 86.19386734781293, Response: Error: 500
2024-06-11 19:42:18,113 - 2024-06-11 19:42:18 - Latitude: 35.06988387424124, Longitude: 73.99752168903144, Response: Error: 500
2024-06-11 19:42:20,130 - 2024-06-11 19:42:20 - Latitude: 11.788676855665658, Longitude: 75.38773905486487, Response: {'AQI': 50, 'Lead_pollutant': 'PM2.5', 'last_update': '11-06-2024 19:00:00', 'latitude': '11.875000', 'longitude': '75.373200'}
2024-06-11 19:42:21,968 - 2024-06-11 19:42:21 - Latitude: 20.809262408494135, Longitude: 94.88813530201475, Response: {'AQI': 18, 'Lead_pollutant': 'PM2.5', 'last_update': '11-06-2024 19:00:00', 'latitude': '23.7176342', 'longitude': '92.7192841'}
2024-06-11 19:42:23,994 - 2024-06-11 19:42:23 - Latitude: 28.607946690468818, Longitude: 69.59583375155296, Response: {'AQI': 20, 'Lead_pollutant': 'NO2', 'last_update': '11-06-2024 19:00:00', 'latitude': '26.912329', 'longitude': '70.909168'}
2024-06-11 19:42:26,291 - 2024-06-11 19:42:26 - Latitude: 31.36273837539466, Longitude: 69.98600547418137, Response: {'AQI': 203, 'Lead_pollutant': 'PM10', 'last_update': '11-06-2024 19:00:00', 'latitude': '29.931624', 'longitude': '73.864511'}
2024-06-11 19:42:29,700 - 2024-06-11 19:42:29 - Latitude: 17.03358661153313, Longitude: 82.66768969597571, Response: {'AQI': 15, 'Lead_pollutant': 'NO2', 'last_update': '11-06-2024 19:00:00', 'latitude': '16.9872867', 'longitude': '81.7363176'}
2024-06-11 19:42:31,699 - 2024-06-11 19:42:31 - Latitude: 29.607769971016143, Longitude: 72.76520438332864, Response: {'AQI': 203, 'Lead_pollutant': 'PM10', 'last_update': '11-06-2024 19:00:00', 'latitude': '29.931624', 'longitude': '73.864511'}
2024-06-11 19:42:33,879 - 2024-06-11 19:42:33 - Latitude: 6.2085216996096975, Longitude: 81.13018957156015, Response: {'AQI': 16, 'Lead_pollutant': 'PM2.5', 'last_update': '11-06-2024 19:00:00', 'latitude': '9.36399', 'longitude': '78.831977'}
2024-06-11 19:42:35,842 - 2024-06-11 19:42:35 - Latitude: 11.701747877151185, Longitude: 79.85391431154417, Response: Error: 500
2024-06-11 19:42:37,856 - 2024-06-11 19:42:37 - Latitude: 26.993893333614057, Longitude: 86.46080395573455, Response: {'AQI': 97, 'Lead_pollutant': 'PM10', 'last_update': '11-06-2024 19:00:00', 'latitude': '25.892357', 'longitude': '86.590325'}
2024-06-11 19:42:39,793 - 2024-06-11 19:42:39 - Latitude: 13.940452242596944, Longitude: 81.68556087680153, Response: {'AQI': 5, 'Lead_pollutant': 'SO2', 'last_update': '11-06-2024 19:00:00', 'latitude': '13.164544', 'longitude': '80.26285'}
2024-06-11 19:42:41,625 - 2024-06-11 19:42:41 - Latitude: 13.323010463654791, Longitude: 96.3128031982055, Response: {'AQI': 18, 'Lead_pollutant': 'PM2.5', 'last_update': '11-06-2024 19:00:00', 'latitude': '23.7176342', 'longitude': '92.7192841'}
2024-06-11 19:42:43,523 - 2024-06-11 19:42:43 - Latitude: 24.81409614776666, Longitude: 88.44038976460351, Response: {'AQI': 95, 'Lead_pollutant': 'PM2.5', 'last_update': '11-06-2024 19:00:00', 'latitude': '25.560083', 'longitude': '87.553265'}
2024-06-11 19:42:45,505 - 2024-06-11 19:42:45 - Latitude: 31.13700937919343, Longitude: 73.57329110978087, Response: {'AQI': 28, 'Lead_pollutant': 'NO2', 'last_update': '11-06-2024 19:00:00', 'latitude': '31.620000', 'longitude': '74.876512'}
2024-06-11 19:42:47,399 - 2024-06-11 19:42:47 - Latitude: 21.840976553995, Longitude: 92.21060713977843, Response: {'AQI': 18, 'Lead_pollutant': 'PM2.5', 'last_update': '11-06-2024 19:00:00', 'latitude': '23.7176342', 'longitude': '92.7192841'}
2024-06-11 19:42:49,596 - 2024-06-11 19:42:49 - Latitude: 15.791169885598176, Longitude: 71.95815139858446, Response: {'AQI': 48, 'Lead_pollutant': 'OZONE', 'last_update': '11-06-2024 19:00:00', 'latitude': '16.6870449', 'longitude': '74.2505872'}
2024-06-11 19:42:51,650 - 2024-06-11 19:42:51 - Latitude: 16.848723769285854, Longitude: 91.34481863634579, Response: {'AQI': 42, 'Lead_pollutant': 'PM10', 'last_update': '11-06-2024 19:00:00', 'latitude': '22.06047', 'longitude': '88.109737'}
2024-06-11 19:42:53,762 - 2024-06-11 19:42:53 - Latitude: 33.243772044673264, Longitude: 79.92340984267256, Response: {'AQI': 87, 'Lead_pollutant': 'PM10', 'last_update': '11-06-2024 19:00:00', 'latitude': '30.269444', 'longitude': '78.044167'}
2024-06-11 19:42:55,482 - 2024-06-11 19:42:55 - Latitude: 30.680708701215426, Longitude: 89.27471333808752, Response: {'AQI': 14, 'Lead_pollutant': 'CO', 'last_update': '11-06-2024 19:00:00', 'latitude': '27.338530', 'longitude': '88.614099'}
2024-06-11 19:42:57,425 - 2024-06-11 19:42:57 - Latitude: 6.691425030520435, Longitude: 75.94303680467257, Response: Error: 500
2024-06-11 19:42:59,271 - 2024-06-11 19:42:59 - Latitude: 7.871144851542143, Longitude: 84.05975146055374, Response: {'AQI': 16, 'Lead_pollutant': 'PM2.5', 'last_update': '11-06-2024 19:00:00', 'latitude': '9.36399', 'longitude': '78.831977'}
2024-06-11 19:43:01,457 - 2024-06-11 19:43:01 - Latitude: 17.85669038334187, Longitude: 71.54493182186884, Response: {'AQI': 29, 'Lead_pollutant': 'PM10', 'last_update': '11-06-2024 19:00:00', 'latitude': '18.897756', 'longitude': '72.813320'}
2024-06-11 19:43:04,376 - 2024-06-11 19:43:04 - Latitude: 10.443201577416424, Longitude: 79.64086358597847, Response: {'AQI': 31, 'Lead_pollutant': 'SO2', 'last_update': '11-06-2024 19:00:00', 'latitude': '11.06825', 'longitude': '79.07033'}
2024-06-11 19:43:07,040 - 2024-06-11 19:43:07 - Latitude: 35.272153258407485, Longitude: 83.70616297409222, Response: {'AQI': 87, 'Lead_pollutant': 'PM10', 'last_update': '11-06-2024 19:00:00', 'latitude': '30.269444', 'longitude': '78.044167'}
2024-06-11 19:43:09,161 - 2024-06-11 19:43:09 - Latitude: 23.305087269169793, Longitude: 69.70997045195605, Response: {'AQI': 5, 'Lead_pollutant': 'NH3', 'last_update': '11-06-2024 19:00:00', 'latitude': '22.977134', 'longitude': '72.553024'}
2024-06-11 19:43:11,173 - 2024-06-11 19:43:11 - Latitude: 13.5963377484588, Longitude: 85.49072312090263, Response: Error: 500
2024-06-11 19:43:13,303 - 2024-06-11 19:43:13 - Latitude: 17.261605800556666, Longitude: 75.41677647584363, Response: {'AQI': 42, 'Lead_pollutant': 'PM10', 'last_update': '11-06-2024 19:00:00', 'latitude': '16.802639', 'longitude': '75.722694'}
2024-06-11 19:43:15,277 - 2024-06-11 19:43:15 - Latitude: 14.26224509850533, Longitude: 70.04522500804408, Response: {'AQI': 32, 'Lead_pollutant': 'NO2', 'last_update': '11-06-2024 19:00:00', 'latitude': '15.888653', 'longitude': '74.541751'}
2024-06-11 19:43:17,134 - 2024-06-11 19:43:17 - Latitude: 27.32932037580038, Longitude: 84.5144975050868, Response: Error: 500
2024-06-11 19:43:18,996 - 2024-06-11 19:43:18 - Latitude: 21.867362857813966, Longitude: 78.63662672329474, Response: {'AQI': 24, 'Lead_pollutant': 'CO', 'last_update': '11-06-2024 19:00:00', 'latitude': '21.152875', 'longitude': '79.0517531'}
2024-06-11 19:43:21,420 - 2024-06-11 19:43:21 - Latitude: 26.973309727547004, Longitude: 91.57667323609068, Response: {'AQI': 65, 'Lead_pollutant': 'PM10', 'last_update': '11-06-2024 19:00:00', 'latitude': '26.446912', 'longitude': '91.439057'}
2024-06-11 19:43:23,319 - 2024-06-11 19:43:23 - Latitude: 30.32695954207545, Longitude: 96.50929514147533, Response: {'AQI': 37, 'Lead_pollutant': 'PM2.5', 'last_update': '11-06-2024 19:00:00', 'latitude': '26.987634', 'longitude': '94.636574'}
2024-06-11 19:43:25,142 - 2024-06-11 19:43:25 - Latitude: 28.13080779265959, Longitude: 76.69971556687288, Response: {'AQI': 84, 'Lead_pollutant': 'PM2.5', 'last_update': '11-06-2024 19:00:00', 'latitude': '28.206800', 'longitude': '76.799700'}
2024-06-11 19:43:27,011 - 2024-06-11 19:43:27 - Latitude: 36.46505766449174, Longitude: 75.66031592468218, Response: Error: 500
